<Window xmlns="http://schemas.microsoft.com/winfx/2006/xaml/presentation" Width="850" Height="850">
<ScrollViewer VerticalScrollBarVisibility="Auto" HorizontalScrollBarVisibility="Auto">
<Grid Margin="0,0,0,0">
<TabControl><TabItem Header="cChocoExConfig"><Grid Background="#FFE5E5E5" Margin="1,0,-1,0">
<Border BorderThickness="2" Height="500" Width="790" Margin="0,10,0,0" HorizontalAlignment="Left" VerticalAlignment="Top" BorderBrush="#000000"/>
<Border BorderThickness="2" Height="250" Width="390" Margin="0,520,0,0" HorizontalAlignment="Left" VerticalAlignment="Top" BorderBrush="#000000"/>
<Border BorderThickness="2" Height="250" Width="390" Margin="400,520,0,0" HorizontalAlignment="Left" VerticalAlignment="Top" BorderBrush="#000000"/>
<TextBlock HorizontalAlignment="Left" VerticalAlignment="Top" TextWrapping="Wrap" Text="Name" Margin="5,020,0,0" FontSize="020"/>
<TextBlock HorizontalAlignment="Left" VerticalAlignment="Top" TextWrapping="Wrap" Text="Ensure" Margin="330,020,0,0" FontSize="020"/>
<TextBlock HorizontalAlignment="Left" VerticalAlignment="Top" TextWrapping="Wrap" Text="Value" Margin="500,020,0,0" FontSize="020"/>
<CheckBox HorizontalAlignment="Left" VerticalAlignment="Top" FontSize="16" Margin="5,070,0,0" Content="cacheLocation" Name="cacheLocationCheckBox"/>
<CheckBox HorizontalAlignment="Left" VerticalAlignment="Top" FontSize="16" Margin="5,120,0,0" Content="proxy" Name="proxyCheckBox"/>
<CheckBox HorizontalAlignment="Left" VerticalAlignment="Top" FontSize="16" Margin="5,170,0,0" Content="proxyUser" Name="proxyUserCheckBox"/>
<CheckBox HorizontalAlignment="Left" VerticalAlignment="Top" FontSize="16" Margin="5,220,0,0" Content="proxyPassword" Name="proxyPasswordCheckBox"/>
<CheckBox HorizontalAlignment="Left" VerticalAlignment="Top" FontSize="16" Margin="5,270,0,0" Content="proxyBypassList" Name="proxyBypassListCheckBox"/>
<CheckBox HorizontalAlignment="Left" VerticalAlignment="Top" FontSize="16" Margin="5,320,0,0" Content="proxyBypassOnLocal" Name="proxyBypassOnLocalCheckBox"/>
<CheckBox HorizontalAlignment="Left" VerticalAlignment="Top" FontSize="16" Margin="5,370,0,0" Content="commandExecutionTimeoutSeconds" Name="commandExecutionTimeoutSecondsCheckBox"/>
<CheckBox HorizontalAlignment="Left" VerticalAlignment="Top" FontSize="16" Margin="5,420,0,0" Content="webRequestTimeoutSeconds" Name="webRequestTimeoutSecondsCheckBox"/>
<CheckBox HorizontalAlignment="Left" VerticalAlignment="Top" FontSize="16" Margin="5,470,0,0" Content="containsLegacyPackageInstalls" Name="containsLegacyPackageInstallsCheckBox"/>
<ComboBox HorizontalAlignment="Left" VerticalAlignment="Top" FontSize="16" Width="90" Margin="330,070,0,0" Name="cacheLocationComboBox" Height="24"><ComboBoxItem Content="Present"/><ComboBoxItem Content="Absent"/></ComboBox>
<ComboBox HorizontalAlignment="Left" VerticalAlignment="Top" FontSize="16" Width="90" Margin="330,120,0,0" Name="proxyComboBox" Height="24"><ComboBoxItem Content="Present"/><ComboBoxItem Content="Absent"/></ComboBox>
<ComboBox HorizontalAlignment="Left" VerticalAlignment="Top" FontSize="16" Width="90" Margin="330,170,0,0" Name="proxyUserComboBox" Height="24"><ComboBoxItem Content="Present"/><ComboBoxItem Content="Absent"/></ComboBox>
<ComboBox HorizontalAlignment="Left" VerticalAlignment="Top" FontSize="16" Width="90" Margin="330,220,0,0" Name="proxyPasswordComboBox" Height="24"><ComboBoxItem Content="Present"/><ComboBoxItem Content="Absent"/></ComboBox>
<ComboBox HorizontalAlignment="Left" VerticalAlignment="Top" FontSize="16" Width="90" Margin="330,270,0,0" Name="proxyBypassListComboBox" Height="24"><ComboBoxItem Content="Present"/><ComboBoxItem Content="Absent"/></ComboBox>
<ComboBox HorizontalAlignment="Left" VerticalAlignment="Top" FontSize="16" Width="90" Margin="330,320,0,0" Name="proxyBypassOnLocalComboBox" Height="24"><ComboBoxItem Content="Present"/><ComboBoxItem Content="Absent"/></ComboBox>
<ComboBox HorizontalAlignment="Left" VerticalAlignment="Top" FontSize="16" Width="90" Margin="330,370,0,0" Name="commandExecutionTimeoutSecondsComboBox" Height="24"><ComboBoxItem Content="Present"/><ComboBoxItem Content="Absent"/></ComboBox>
<ComboBox HorizontalAlignment="Left" VerticalAlignment="Top" FontSize="16" Width="90" Margin="330,420,0,0" Name="webRequestTimeoutSecondsComboBox" Height="24"><ComboBoxItem Content="Present"/><ComboBoxItem Content="Absent"/></ComboBox>
<ComboBox HorizontalAlignment="Left" VerticalAlignment="Top" FontSize="16" Width="90" Margin="330,470,0,0" Name="containsLegacyPackageInstallsComboBox" Height="24"><ComboBoxItem Content="Present"/><ComboBoxItem Content="Absent"/></ComboBox>
<TextBox HorizontalAlignment="Left" VerticalAlignment="Top" FontSize="16" Height="24" Width="240" TextWrapping="NoWrap" Margin="500,070,0,0" Name="cacheLocationTextBox"/>
<TextBox HorizontalAlignment="Left" VerticalAlignment="Top" FontSize="16" Height="24" Width="240" TextWrapping="NoWrap" Margin="500,120,0,0" Name="proxyTextBox"/>
<TextBox HorizontalAlignment="Left" VerticalAlignment="Top" FontSize="16" Height="24" Width="240" TextWrapping="NoWrap" Margin="500,170,0,0" Name="proxyUserTextBox"/>
<TextBox HorizontalAlignment="Left" VerticalAlignment="Top" FontSize="16" Height="24" Width="240" TextWrapping="NoWrap" Margin="500,220,0,0" Name="proxyPasswordTextBox"/>
<TextBox HorizontalAlignment="Left" VerticalAlignment="Top" FontSize="16" Height="24" Width="240" TextWrapping="NoWrap" Margin="500,270,0,0" Name="proxyBypassListTextBox"/>
<TextBox HorizontalAlignment="Left" VerticalAlignment="Top" FontSize="16" Height="24" Width="240" TextWrapping="NoWrap" Margin="500,320,0,0" Name="proxyBypassOnLocalTextBox"/>
<TextBox HorizontalAlignment="Left" VerticalAlignment="Top" FontSize="16" Height="24" Width="240" TextWrapping="NoWrap" Margin="500,370,0,0" Name="commandExecutionTimeoutSecondsTextBox"/>
<TextBox HorizontalAlignment="Left" VerticalAlignment="Top" FontSize="16" Height="24" Width="240" TextWrapping="NoWrap" Margin="500,420,0,0" Name="webRequestTimeoutSecondsTextBox"/>
<TextBox HorizontalAlignment="Left" VerticalAlignment="Top" FontSize="16" Height="24" Width="240" TextWrapping="NoWrap" Margin="500,470,0,0" Name="containsLegacyPackageInstallsTextBox"/>
<TextBlock HorizontalAlignment="Left" VerticalAlignment="Top" TextWrapping="Wrap" Text="cChocoExMaintenanceWindow" Margin="5,520,0,0" FontSize="020"/>
<TextBlock HorizontalAlignment="Left" VerticalAlignment="Top" TextWrapping="Wrap" Text="EffectiveDateTime" Margin="5,560,0,0" FontSize="016"/>
<DatePicker HorizontalAlignment="Left" VerticalAlignment="Top" Margin="150,560,0,0" Name="cChocoExMaintenanceWindowDatePicker"/>
<TextBlock HorizontalAlignment="Left" VerticalAlignment="Top" TextWrapping="Wrap" Text="UTC" Margin="5,610,0,0" FontSize="016"/>
<ComboBox HorizontalAlignment="Left" VerticalAlignment="Top" FontSize="16" Width="90" Margin="150,610,0,0" Name="cChocoExMaintenanceWindowUTC" Height="24"><ComboBoxItem Content="True"/><ComboBoxItem Content="False"/></ComboBox>
<TextBlock HorizontalAlignment="Left" VerticalAlignment="Top" TextWrapping="Wrap" Text="Start" Margin="5,660,0,0" FontSize="016"/>
<TextBox HorizontalAlignment="Left" VerticalAlignment="Top" FontSize="16" Height="24" Width="180" TextWrapping="NoWrap" Margin="150,660,0,0" Name="cChocoExMaintenanceWindowStartTextBox"/>
<TextBlock HorizontalAlignment="Left" VerticalAlignment="Top" TextWrapping="Wrap" Text="End" Margin="5,710,0,0" FontSize="016"/>
<TextBox HorizontalAlignment="Left" VerticalAlignment="Top" FontSize="16" Height="24" Width="180" TextWrapping="NoWrap" Margin="150,710,0,0" Name="cChocoExMaintenanceWindowEndTextBox"/>
<Button Content="Import" HorizontalAlignment="Left" VerticalAlignment="Top" Width="75" Margin="410,530,0,0" FontSize="020" Name="cChocoExConfigImport"/>
<Button Content="Export" HorizontalAlignment="Left" VerticalAlignment="Top" Width="75" Margin="410,580,0,0" FontSize="020" Name="cChocoExConfigExport"/>
</Grid>
</TabItem><TabItem Header="cChocoExFeature"><Grid Background="#FFE5E5E5">
<TextBlock HorizontalAlignment="Left" VerticalAlignment="Top" TextWrapping="Wrap" Text="Name" Margin="5,020,0,0" FontSize="020"/>
<TextBlock HorizontalAlignment="Left" VerticalAlignment="Top" TextWrapping="Wrap" Text="Ensure" Margin="375,020,0,0" FontSize="020"/>
<CheckBox HorizontalAlignment="Left" VerticalAlignment="Top" FontSize="16" Margin="5,0070,0,0" Content="checksumFiles" Name="checksumFilesCheckBox"/>
<CheckBox HorizontalAlignment="Left" VerticalAlignment="Top" FontSize="16" Margin="5,0120,0,0" Content="autoUninstaller" Name="autoUninstallerCheckBox"/>
<CheckBox HorizontalAlignment="Left" VerticalAlignment="Top" FontSize="16" Margin="5,0170,0,0" Content="allowGlobalConfirmation" Name="allowGlobalConfirmationCheckBox"/>
<CheckBox HorizontalAlignment="Left" VerticalAlignment="Top" FontSize="16" Margin="5,0220,0,0" Content="failOnAutoUninstaller" Name="failOnAutoUninstallerCheckBox"/>
<CheckBox HorizontalAlignment="Left" VerticalAlignment="Top" FontSize="16" Margin="5,0270,0,0" Content="failOnStandardError" Name="failOnStandardErrorCheckBox"/>
<CheckBox HorizontalAlignment="Left" VerticalAlignment="Top" FontSize="16" Margin="5,0320,0,0" Content="allowEmptyChecksums" Name="allowEmptyChecksumsCheckBox"/>
<CheckBox HorizontalAlignment="Left" VerticalAlignment="Top" FontSize="16" Margin="5,0370,0,0" Content="allowEmptyChecksumsSecure" Name="allowEmptyChecksumsSecureCheckBox"/>
<CheckBox HorizontalAlignment="Left" VerticalAlignment="Top" FontSize="16" Margin="5,0420,0,0" Content="powershellHost" Name="powershellHostCheckBox"/>
<CheckBox HorizontalAlignment="Left" VerticalAlignment="Top" FontSize="16" Margin="5,0470,0,0" Content="logEnvironmentValues" Name="logEnvironmentValuesCheckBox"/>
<CheckBox HorizontalAlignment="Left" VerticalAlignment="Top" FontSize="16" Margin="5,0520,0,0" Content="virusCheck" Name="virusCheckCheckBox"/>
<CheckBox HorizontalAlignment="Left" VerticalAlignment="Top" FontSize="16" Margin="5,0570,0,0" Content="failOnInvalidOrMissingLicense" Name="failOnInvalidOrMissingLicenseCheckBox"/>
<CheckBox HorizontalAlignment="Left" VerticalAlignment="Top" FontSize="16" Margin="5,0620,0,0" Content="ignoreInvalidOptionsSwitches" Name="ignoreInvalidOptionsSwitchesCheckBox"/>
<CheckBox HorizontalAlignment="Left" VerticalAlignment="Top" FontSize="16" Margin="5,0670,0,0" Content="usePackageExitCodes" Name="usePackageExitCodesCheckBox"/>
<CheckBox HorizontalAlignment="Left" VerticalAlignment="Top" FontSize="16" Margin="5,0720,0,0" Content="useEnhancedExitCodes" Name="useEnhancedExitCodesCheckBox"/>
<CheckBox HorizontalAlignment="Left" VerticalAlignment="Top" FontSize="16" Margin="5,0770,0,0" Content="exitOnRebootDetected" Name="exitOnRebootDetectedCheckBox"/>
<CheckBox HorizontalAlignment="Left" VerticalAlignment="Top" FontSize="16" Margin="5,0820,0,0" Content="useFipsCompliantChecksums" Name="useFipsCompliantChecksumsCheckBox"/>
<CheckBox HorizontalAlignment="Left" VerticalAlignment="Top" FontSize="16" Margin="5,0870,0,0" Content="showNonElevatedWarnings" Name="showNonElevatedWarningsCheckBox"/>
<CheckBox HorizontalAlignment="Left" VerticalAlignment="Top" FontSize="16" Margin="5,0920,0,0" Content="showDownloadProgress" Name="showDownloadProgressCheckBox"/>
<CheckBox HorizontalAlignment="Left" VerticalAlignment="Top" FontSize="16" Margin="5,0970,0,0" Content="stopOnFirstPackageFailure" Name="stopOnFirstPackageFailureCheckBox"/>
<CheckBox HorizontalAlignment="Left" VerticalAlignment="Top" FontSize="16" Margin="5,1020,0,0" Content="useRememberedArgumentsForUpgrades" Name="useRememberedArgumentsForUpgradesCheckBox"/>
<CheckBox HorizontalAlignment="Left" VerticalAlignment="Top" FontSize="16" Margin="5,1070,0,0" Content="ignoreUnfoundPackagesOnUpgradeOutdated" Name="ignoreUnfoundPackagesOnUpgradeOutdatedCheckBox"/>
<CheckBox HorizontalAlignment="Left" VerticalAlignment="Top" FontSize="16" Margin="5,1120,0,0" Content="skipPackageUpgradesWhenNotInstalled" Name="skipPackageUpgradesWhenNotInstalledCheckBox"/>
<CheckBox HorizontalAlignment="Left" VerticalAlignment="Top" FontSize="16" Margin="5,1170,0,0" Content="removePackageInformationOnUninstall" Name="removePackageInformationOnUninstallCheckBox"/>
<CheckBox HorizontalAlignment="Left" VerticalAlignment="Top" FontSize="16" Margin="5,1220,0,0" Content="logWithoutColor" Name="logWithoutColorCheckBox"/>
<CheckBox HorizontalAlignment="Left" VerticalAlignment="Top" FontSize="16" Margin="5,1270,0,0" Content="logValidationResultsOnWarnings" Name="logValidationResultsOnWarningsCheckBox"/>
<CheckBox HorizontalAlignment="Left" VerticalAlignment="Top" FontSize="16" Margin="5,1320,0,0" Content="usePackageRepositoryOptimizations" Name="usePackageRepositoryOptimizationsCheckBox"/>
<CheckBox HorizontalAlignment="Left" VerticalAlignment="Top" FontSize="16" Margin="5,1370,0,0" Content="scriptsCheckLastExitCode" Name="scriptsCheckLastExitCodeCheckBox"/>
<ComboBox HorizontalAlignment="Left" VerticalAlignment="Top" FontSize="16" Width="90" Margin="375,0070,0,0" Name="checksumFilesComboBox" Height="24"><ComboBoxItem Content="Present"/><ComboBoxItem Content="Absent"/></ComboBox>
<ComboBox HorizontalAlignment="Left" VerticalAlignment="Top" FontSize="16" Width="90" Margin="375,0120,0,0" Name="autoUninstallerComboBox" Height="24"><ComboBoxItem Content="Present"/><ComboBoxItem Content="Absent"/></ComboBox>
<ComboBox HorizontalAlignment="Left" VerticalAlignment="Top" FontSize="16" Width="90" Margin="375,0170,0,0" Name="allowGlobalConfirmationComboBox" Height="24"><ComboBoxItem Content="Present"/><ComboBoxItem Content="Absent"/></ComboBox>
<ComboBox HorizontalAlignment="Left" VerticalAlignment="Top" FontSize="16" Width="90" Margin="375,0220,0,0" Name="failOnAutoUninstallerComboBox" Height="24"><ComboBoxItem Content="Present"/><ComboBoxItem Content="Absent"/></ComboBox>
<ComboBox HorizontalAlignment="Left" VerticalAlignment="Top" FontSize="16" Width="90" Margin="375,0270,0,0" Name="failOnStandardErrorComboBox" Height="24"><ComboBoxItem Content="Present"/><ComboBoxItem Content="Absent"/></ComboBox>
<ComboBox HorizontalAlignment="Left" VerticalAlignment="Top" FontSize="16" Width="90" Margin="375,0320,0,0" Name="allowEmptyChecksumsComboBox" Height="24"><ComboBoxItem Content="Present"/><ComboBoxItem Content="Absent"/></ComboBox>
<ComboBox HorizontalAlignment="Left" VerticalAlignment="Top" FontSize="16" Width="90" Margin="375,0370,0,0" Name="allowEmptyChecksumsSecureComboBox" Height="24"><ComboBoxItem Content="Present"/><ComboBoxItem Content="Absent"/></ComboBox>
<ComboBox HorizontalAlignment="Left" VerticalAlignment="Top" FontSize="16" Width="90" Margin="375,0420,0,0" Name="powershellHostComboBox" Height="24"><ComboBoxItem Content="Present"/><ComboBoxItem Content="Absent"/></ComboBox>
<ComboBox HorizontalAlignment="Left" VerticalAlignment="Top" FontSize="16" Width="90" Margin="375,0470,0,0" Name="logEnvironmentValuesComboBox" Height="24"><ComboBoxItem Content="Present"/><ComboBoxItem Content="Absent"/></ComboBox>
<ComboBox HorizontalAlignment="Left" VerticalAlignment="Top" FontSize="16" Width="90" Margin="375,0520,0,0" Name="virusCheckComboBox" Height="24"><ComboBoxItem Content="Present"/><ComboBoxItem Content="Absent"/></ComboBox>
<ComboBox HorizontalAlignment="Left" VerticalAlignment="Top" FontSize="16" Width="90" Margin="375,0570,0,0" Name="failOnInvalidOrMissingLicenseComboBox" Height="24"><ComboBoxItem Content="Present"/><ComboBoxItem Content="Absent"/></ComboBox>
<ComboBox HorizontalAlignment="Left" VerticalAlignment="Top" FontSize="16" Width="90" Margin="375,0620,0,0" Name="ignoreInvalidOptionsSwitchesComboBox" Height="24"><ComboBoxItem Content="Present"/><ComboBoxItem Content="Absent"/></ComboBox>
<ComboBox HorizontalAlignment="Left" VerticalAlignment="Top" FontSize="16" Width="90" Margin="375,0670,0,0" Name="usePackageExitCodesComboBox" Height="24"><ComboBoxItem Content="Present"/><ComboBoxItem Content="Absent"/></ComboBox>
<ComboBox HorizontalAlignment="Left" VerticalAlignment="Top" FontSize="16" Width="90" Margin="375,0720,0,0" Name="useEnhancedExitCodesComboBox" Height="24"><ComboBoxItem Content="Present"/><ComboBoxItem Content="Absent"/></ComboBox>
<ComboBox HorizontalAlignment="Left" VerticalAlignment="Top" FontSize="16" Width="90" Margin="375,0770,0,0" Name="exitOnRebootDetectedComboBox" Height="24"><ComboBoxItem Content="Present"/><ComboBoxItem Content="Absent"/></ComboBox>
<ComboBox HorizontalAlignment="Left" VerticalAlignment="Top" FontSize="16" Width="90" Margin="375,0820,0,0" Name="useFipsCompliantChecksumsComboBox" Height="24"><ComboBoxItem Content="Present"/><ComboBoxItem Content="Absent"/></ComboBox>
<ComboBox HorizontalAlignment="Left" VerticalAlignment="Top" FontSize="16" Width="90" Margin="375,0870,0,0" Name="showNonElevatedWarningsComboBox" Height="24"><ComboBoxItem Content="Present"/><ComboBoxItem Content="Absent"/></ComboBox>
<ComboBox HorizontalAlignment="Left" VerticalAlignment="Top" FontSize="16" Width="90" Margin="375,0920,0,0" Name="showDownloadProgressComboBox" Height="24"><ComboBoxItem Content="Present"/><ComboBoxItem Content="Absent"/></ComboBox>
<ComboBox HorizontalAlignment="Left" VerticalAlignment="Top" FontSize="16" Width="90" Margin="375,0970,0,0" Name="stopOnFirstPackageFailureComboBox" Height="24"><ComboBoxItem Content="Present"/><ComboBoxItem Content="Absent"/></ComboBox>
<ComboBox HorizontalAlignment="Left" VerticalAlignment="Top" FontSize="16" Width="90" Margin="375,1020,0,0" Name="useRememberedArgumentsForUpgradesComboBox" Height="24"><ComboBoxItem Content="Present"/><ComboBoxItem Content="Absent"/></ComboBox>
<ComboBox HorizontalAlignment="Left" VerticalAlignment="Top" FontSize="16" Width="90" Margin="375,1070,0,0" Name="ignoreUnfoundPackagesOnUpgradeOutdatedComboBox" Height="24"><ComboBoxItem Content="Present"/><ComboBoxItem Content="Absent"/></ComboBox>
<ComboBox HorizontalAlignment="Left" VerticalAlignment="Top" FontSize="16" Width="90" Margin="375,1120,0,0" Name="skipPackageUpgradesWhenNotInstalledComboBox" Height="24"><ComboBoxItem Content="Present"/><ComboBoxItem Content="Absent"/></ComboBox>
<ComboBox HorizontalAlignment="Left" VerticalAlignment="Top" FontSize="16" Width="90" Margin="375,1170,0,0" Name="removePackageInformationOnUninstallComboBox" Height="24"><ComboBoxItem Content="Present"/><ComboBoxItem Content="Absent"/></ComboBox>
<ComboBox HorizontalAlignment="Left" VerticalAlignment="Top" FontSize="16" Width="90" Margin="375,1220,0,0" Name="logWithoutColorComboBox" Height="24"><ComboBoxItem Content="Present"/><ComboBoxItem Content="Absent"/></ComboBox>
<ComboBox HorizontalAlignment="Left" VerticalAlignment="Top" FontSize="16" Width="90" Margin="375,1270,0,0" Name="logValidationResultsOnWarningsComboBox" Height="24"><ComboBoxItem Content="Present"/><ComboBoxItem Content="Absent"/></ComboBox>
<ComboBox HorizontalAlignment="Left" VerticalAlignment="Top" FontSize="16" Width="90" Margin="375,1320,0,0" Name="usePackageRepositoryOptimizationsComboBox" Height="24"><ComboBoxItem Content="Present"/><ComboBoxItem Content="Absent"/></ComboBox>
<ComboBox HorizontalAlignment="Left" VerticalAlignment="Top" FontSize="16" Width="90" Margin="375,1370,0,0" Name="scriptsCheckLastExitCodeComboBox" Height="24"><ComboBoxItem Content="Present"/><ComboBoxItem Content="Absent"/></ComboBox>
</Grid>
</TabItem><TabItem Header="cChocoExSource"><Grid Background="#FFE5E5E5">
<TextBlock HorizontalAlignment="Left" VerticalAlignment="Top" TextWrapping="Wrap" Text="Name" Margin="5,020,0,0" FontSize="020"/>
<TextBlock HorizontalAlignment="Left" VerticalAlignment="Top" TextWrapping="Wrap" Text="Ensure" Margin="190,020,0,0" FontSize="020"/>
<TextBlock HorizontalAlignment="Left" VerticalAlignment="Top" TextWrapping="Wrap" Text="Value" Margin="290,020,0,0" FontSize="020"/>
<TextBlock HorizontalAlignment="Left" VerticalAlignment="Top" TextWrapping="Wrap" Text="Priority" Margin="640,020,0,0" FontSize="020"/>
<TextBox HorizontalAlignment="Left" VerticalAlignment="Top" FontSize="16" Height="24" Width="180" TextWrapping="NoWrap" Margin="5,070,0,0" Name="Source01NameTextBox"/>
<TextBox HorizontalAlignment="Left" VerticalAlignment="Top" FontSize="16" Height="24" Width="180" TextWrapping="NoWrap" Margin="5,120,0,0" Name="Source02NameTextBox"/>
<TextBox HorizontalAlignment="Left" VerticalAlignment="Top" FontSize="16" Height="24" Width="180" TextWrapping="NoWrap" Margin="5,170,0,0" Name="Source03NameTextBox"/>
<TextBox HorizontalAlignment="Left" VerticalAlignment="Top" FontSize="16" Height="24" Width="180" TextWrapping="NoWrap" Margin="5,220,0,0" Name="Source04NameTextBox"/>
<TextBox HorizontalAlignment="Left" VerticalAlignment="Top" FontSize="16" Height="24" Width="180" TextWrapping="NoWrap" Margin="5,270,0,0" Name="Source05NameTextBox"/>
<TextBox HorizontalAlignment="Left" VerticalAlignment="Top" FontSize="16" Height="24" Width="180" TextWrapping="NoWrap" Margin="5,320,0,0" Name="Source06NameTextBox"/>
<TextBox HorizontalAlignment="Left" VerticalAlignment="Top" FontSize="16" Height="24" Width="180" TextWrapping="NoWrap" Margin="5,370,0,0" Name="Source07NameTextBox"/>
<TextBox HorizontalAlignment="Left" VerticalAlignment="Top" FontSize="16" Height="24" Width="180" TextWrapping="NoWrap" Margin="5,420,0,0" Name="Source08NameTextBox"/>
<TextBox HorizontalAlignment="Left" VerticalAlignment="Top" FontSize="16" Height="24" Width="180" TextWrapping="NoWrap" Margin="5,470,0,0" Name="Source09NameTextBox"/>
<ComboBox HorizontalAlignment="Left" VerticalAlignment="Top" FontSize="16" Width="90" Margin="190,070,0,0" Name="Source01ComboBox" Height="24"><ComboBoxItem Content="Present"/><ComboBoxItem Content="Absent"/></ComboBox>
<ComboBox HorizontalAlignment="Left" VerticalAlignment="Top" FontSize="16" Width="90" Margin="190,120,0,0" Name="Source02ComboBox" Height="24"><ComboBoxItem Content="Present"/><ComboBoxItem Content="Absent"/></ComboBox>
<ComboBox HorizontalAlignment="Left" VerticalAlignment="Top" FontSize="16" Width="90" Margin="190,170,0,0" Name="Source03ComboBox" Height="24"><ComboBoxItem Content="Present"/><ComboBoxItem Content="Absent"/></ComboBox>
<ComboBox HorizontalAlignment="Left" VerticalAlignment="Top" FontSize="16" Width="90" Margin="190,220,0,0" Name="Source04ComboBox" Height="24"><ComboBoxItem Content="Present"/><ComboBoxItem Content="Absent"/></ComboBox>
<ComboBox HorizontalAlignment="Left" VerticalAlignment="Top" FontSize="16" Width="90" Margin="190,270,0,0" Name="Source05ComboBox" Height="24"><ComboBoxItem Content="Present"/><ComboBoxItem Content="Absent"/></ComboBox>
<ComboBox HorizontalAlignment="Left" VerticalAlignment="Top" FontSize="16" Width="90" Margin="190,320,0,0" Name="Source06ComboBox" Height="24"><ComboBoxItem Content="Present"/><ComboBoxItem Content="Absent"/></ComboBox>
<ComboBox HorizontalAlignment="Left" VerticalAlignment="Top" FontSize="16" Width="90" Margin="190,370,0,0" Name="Source07ComboBox" Height="24"><ComboBoxItem Content="Present"/><ComboBoxItem Content="Absent"/></ComboBox>
<ComboBox HorizontalAlignment="Left" VerticalAlignment="Top" FontSize="16" Width="90" Margin="190,420,0,0" Name="Source08ComboBox" Height="24"><ComboBoxItem Content="Present"/><ComboBoxItem Content="Absent"/></ComboBox>
<ComboBox HorizontalAlignment="Left" VerticalAlignment="Top" FontSize="16" Width="90" Margin="190,470,0,0" Name="Source09ComboBox" Height="24"><ComboBoxItem Content="Present"/><ComboBoxItem Content="Absent"/></ComboBox>
<TextBox HorizontalAlignment="Left" VerticalAlignment="Top" FontSize="16" Height="24" Width="340" TextWrapping="NoWrap" Margin="290,070,0,0" Name="Source01ValueTextBox"/>
<TextBox HorizontalAlignment="Left" VerticalAlignment="Top" FontSize="16" Height="24" Width="340" TextWrapping="NoWrap" Margin="290,120,0,0" Name="Source02ValueTextBox"/>
<TextBox HorizontalAlignment="Left" VerticalAlignment="Top" FontSize="16" Height="24" Width="340" TextWrapping="NoWrap" Margin="290,170,0,0" Name="Source03ValueTextBox"/>
<TextBox HorizontalAlignment="Left" VerticalAlignment="Top" FontSize="16" Height="24" Width="340" TextWrapping="NoWrap" Margin="290,220,0,0" Name="Source04ValueTextBox"/>
<TextBox HorizontalAlignment="Left" VerticalAlignment="Top" FontSize="16" Height="24" Width="340" TextWrapping="NoWrap" Margin="290,270,0,0" Name="Source05ValueTextBox"/>
<TextBox HorizontalAlignment="Left" VerticalAlignment="Top" FontSize="16" Height="24" Width="340" TextWrapping="NoWrap" Margin="290,320,0,0" Name="Source06ValueTextBox"/>
<TextBox HorizontalAlignment="Left" VerticalAlignment="Top" FontSize="16" Height="24" Width="340" TextWrapping="NoWrap" Margin="290,370,0,0" Name="Source07ValueTextBox"/>
<TextBox HorizontalAlignment="Left" VerticalAlignment="Top" FontSize="16" Height="24" Width="340" TextWrapping="NoWrap" Margin="290,420,0,0" Name="Source08ValueTextBox"/>
<TextBox HorizontalAlignment="Left" VerticalAlignment="Top" FontSize="16" Height="24" Width="340" TextWrapping="NoWrap" Margin="290,470,0,0" Name="Source09ValueTextBox"/>
<TextBox HorizontalAlignment="Left" VerticalAlignment="Top" FontSize="16" Height="24" Width="40" TextWrapping="NoWrap" Margin="640,070,0,0" Name="Source01PriorityTextBox"/>
<TextBox HorizontalAlignment="Left" VerticalAlignment="Top" FontSize="16" Height="24" Width="40" TextWrapping="NoWrap" Margin="640,120,0,0" Name="Source02PriorityTextBox"/>
<TextBox HorizontalAlignment="Left" VerticalAlignment="Top" FontSize="16" Height="24" Width="40" TextWrapping="NoWrap" Margin="640,170,0,0" Name="Source03PriorityTextBox"/>
<TextBox HorizontalAlignment="Left" VerticalAlignment="Top" FontSize="16" Height="24" Width="40" TextWrapping="NoWrap" Margin="640,220,0,0" Name="Source04PriorityTextBox"/>
<TextBox HorizontalAlignment="Left" VerticalAlignment="Top" FontSize="16" Height="24" Width="40" TextWrapping="NoWrap" Margin="640,270,0,0" Name="Source05PriorityTextBox"/>
<TextBox HorizontalAlignment="Left" VerticalAlignment="Top" FontSize="16" Height="24" Width="40" TextWrapping="NoWrap" Margin="640,320,0,0" Name="Source06PriorityTextBox"/>
<TextBox HorizontalAlignment="Left" VerticalAlignment="Top" FontSize="16" Height="24" Width="40" TextWrapping="NoWrap" Margin="640,370,0,0" Name="Source07PriorityTextBox"/>
<TextBox HorizontalAlignment="Left" VerticalAlignment="Top" FontSize="16" Height="24" Width="40" TextWrapping="NoWrap" Margin="640,420,0,0" Name="Source08PriorityTextBox"/>
<TextBox HorizontalAlignment="Left" VerticalAlignment="Top" FontSize="16" Height="24" Width="40" TextWrapping="NoWrap" Margin="640,470,0,0" Name="Source09PriorityTextBox"/>
</Grid>
</TabItem><TabItem Header="cChocoExPackage"><Grid Background="#FFE5E5E5">
</Grid></TabItem></TabControl>
</Grid>
</ScrollViewer>
</Window>